<?xml version="1.0" encoding="UTF-8"?>
<testng-results ignored="0" total="1" passed="1" failed="0" skipped="0">
  <reporter-output>
  </reporter-output>
  <suite started-at="2024-08-04T16:56:21 IST" name="Default suite" finished-at="2024-08-04T16:56:25 IST" duration-ms="4267">
    <groups>
      <group name="cucumber">
        <method signature="AbstractTestNGCucumberTests.runScenario(io.cucumber.testng.PickleWrapper,io.cucumber.testng.FeatureWrapper)[pri:0, instance:runner.CampaignTagStatusRunner@5b8dfcc1]" name="runScenario" class="io.cucumber.testng.AbstractTestNGCucumberTests"/>
      </group> <!-- cucumber -->
    </groups>
    <test started-at="2024-08-04T16:56:21 IST" name="Default test" finished-at="2024-08-04T16:56:25 IST" duration-ms="4267">
      <class name="runner.CampaignTagStatusRunner">
        <test-method is-config="true" signature="setUpClass(org.testng.ITestContext)[pri:0, instance:runner.CampaignTagStatusRunner@5b8dfcc1]" started-at="2024-08-04T16:56:21 IST" name="setUpClass" finished-at="2024-08-04T16:56:22 IST" duration-ms="1110" status="PASS">
          <params>
            <param index="0">
              <value>
                <![CDATA[org.testng.TestRunner@878537d]]>
              </value>
            </param>
          </params>
          <reporter-output>
          </reporter-output>
        </test-method> <!-- setUpClass -->
        <test-method signature="runScenario(io.cucumber.testng.PickleWrapper,io.cucumber.testng.FeatureWrapper)[pri:0, instance:runner.CampaignTagStatusRunner@5b8dfcc1]" started-at="2024-08-04T16:56:22 IST" name="runScenario" description="Runs Cucumber Scenarios" data-provider="scenarios" finished-at="2024-08-04T16:56:23 IST" duration-ms="354" status="PASS">
          <params>
            <param index="0">
              <value>
                <![CDATA["Scheduling campaign"]]>
              </value>
            </param>
            <param index="1">
              <value>
                <![CDATA["Campaign Functinality i.e Advertisement"]]>
              </value>
            </param>
          </params>
          <reporter-output>
          </reporter-output>
        </test-method> <!-- runScenario -->
        <test-method is-config="true" signature="tearDownClass()[pri:0, instance:runner.CampaignTagStatusRunner@5b8dfcc1]" started-at="2024-08-04T16:56:23 IST" name="tearDownClass" finished-at="2024-08-04T16:56:25 IST" duration-ms="2681" status="PASS">
          <reporter-output>
          </reporter-output>
        </test-method> <!-- tearDownClass -->
      </class> <!-- runner.CampaignTagStatusRunner -->
    </test> <!-- Default test -->
  </suite> <!-- Default suite -->
</testng-results>
